#-----------------------------------------------------------
# Vivado v2014.4 (64-bit)
# SW Build 1071353 on Tue Nov 18 18:29:27 MST 2014
# IP Build 1070531 on Tue Nov 18 01:10:18 MST 2014
# Start of session at: Sat Jul 02 21:38:44 2016
# Process ID: 2144
# Log file: C:/Users/Laudelino/SkyDrive/Estudos/UTFPR/9th/TCC2/Proj/V144D/20160702/KalmanProject/vhdl/vivado/vivado.log
# Journal file: C:/Users/Laudelino/SkyDrive/Estudos/UTFPR/9th/TCC2/Proj/V144D/20160702/KalmanProject/vhdl/vivado\vivado.jou
#-----------------------------------------------------------
start_gui
open_project C:/Users/Laudelino/SkyDrive/Estudos/UTFPR/9th/TCC2/Proj/V144D/20160702/KalmanProject/vhdl/vivado/KalmanProject.xpr
INFO: [Project 1-489] The host OS only allows 260 characters in a normal path. The project is stored in a path with more than 80 characters. If you experience issues with IP, Block Designs, or files not being found, please consider moving the project to a location with a shorter path. Alternately consider using the OS subst command to map part of the path to a drive letter.
Current project path is 'C:/Users/Laudelino/SkyDrive/Estudos/UTFPR/9th/TCC2/Proj/V144D/20160702/KalmanProject/vhdl/vivado'
Scanning sources...
Finished scanning sources
INFO: [IP_Flow 19-234] Refreshing IP repositories
INFO: [IP_Flow 19-1700] Loaded user IP repository 'c:/Users/Laudelino/SkyDrive/Estudos/UTFPR/9th/TCC2/Proj/V144D/20160702/KalmanProject/vivado-essentials/vivado-ip'.
INFO: [IP_Flow 19-2313] Loaded Vivado IP repository 'C:/Xilinx/Vivado/2014.4/data/ip'.
INFO: [Common 17-41] Interrupt caught. Command should exit soon.
INFO: [Common 17-344] 'open_project' was cancelled
exit
INFO: [Common 17-206] Exiting Vivado at Sat Jul 02 21:39:15 2016...
